<?xml version="1.0" encoding="UTF-8"?>
<testExecutions version="1">
  <file path="S:\laragon\www\sabubot\test\index.test.js">
    <testCase name="My Probot app Assign Owner functionality It does not receive the `issue_comment.created` event Should NOT call the assignOwner Method" duration="1"/>
    <testCase name="My Probot app Close issue functionality It does not recieve the issue_comment.created event Should NOT call the closeIssue Method" duration="0"/>
    <testCase name="My Probot app Delete Branch functionality It does not receive the `pull_request.closed` event Should NOT call the deleteReference Method" duration="0"/>
    <testCase name="My Probot app Delete Branch functionality It recieves the `pull_request.closed` event Should call the deleteReference method" duration="0"/>
  </file>
</testExecutions>